# JRE version: OpenJDK Runtime Environment Temurin-17.0.5+8 (17.0.5+8) (build 17.0.5+8)
# Java VM: OpenJDK 64-Bit Server VM Temurin-17.0.5+8 (17.0.5+8, mixed mode, emulated-client, tiered, compressed oops, compressed class ptrs, g1 gc, windows-amd64)
GC Precious Log:
 CPUs: 8 total, 8 available
 Memory: 8081M
 Large Page Support: Disabled
 NUMA Support: Disabled
 Compressed Oops: Enabled (32-bit)
 Heap Region Size: 1M
 Heap Min Capacity: 8M
 Heap Initial Capacity: 128M
 Heap Max Capacity: 2022M
 Pre-touch: Disabled
 Parallel Workers: 8
 Concurrent Workers: 2
 Concurrent Refinement Workers: 8
 Periodic GC: Disabled
Heap:
 garbage-first heap   total 275456K, used 87382K [0x0000000081a00000, 0x0000000100000000)
  region size 1024K, 8 young (8192K), 8 survivors (8192K)
 Metaspace       used 40906K, committed 41280K, reserved 1089536K
  class space    used 5269K, committed 5440K, reserved 1048576K
GC Heap History (20 events):
Event: 2.081 GC heap after
{Heap after GC invocations=12 (full 0):
 garbage-first heap   total 71680K, used 30485K [0x0000000081a00000, 0x0000000100000000)
  region size 1024K, 4 young (4096K), 4 survivors (4096K)
 Metaspace       used 37672K, committed 38016K, reserved 1089536K
  class space    used 4908K, committed 5056K, reserved 1048576K
}
Event: 2.115 GC heap before
{Heap before GC invocations=12 (full 0):
 garbage-first heap   total 71680K, used 53013K [0x0000000081a00000, 0x0000000100000000)
  region size 1024K, 26 young (26624K), 4 survivors (4096K)
 Metaspace       used 38318K, committed 38720K, reserved 1089536K
  class space    used 4941K, committed 5120K, reserved 1048576K
}
Event: 2.119 GC heap after
{Heap after GC invocations=13 (full 0):
 garbage-first heap   total 114688K, used 34647K [0x0000000081a00000, 0x0000000100000000)
  region size 1024K, 4 young (4096K), 4 survivors (4096K)
 Metaspace       used 38318K, committed 38720K, reserved 1089536K
  class space    used 4941K, committed 5120K, reserved 1048576K
}
Event: 2.184 GC heap before
{Heap before GC invocations=13 (full 0):
 garbage-first heap   total 114688K, used 82775K [0x0000000081a00000, 0x0000000100000000)
  region size 1024K, 52 young (53248K), 4 survivors (4096K)
 Metaspace       used 38862K, committed 39296K, reserved 1089536K
  class space    used 4973K, committed 5184K, reserved 1048576K
}
Event: 2.192 GC heap after
{Heap after GC invocations=14 (full 0):
 garbage-first heap   total 114688K, used 45900K [0x0000000081a00000, 0x0000000100000000)
  region size 1024K, 7 young (7168K), 7 survivors (7168K)
 Metaspace       used 38862K, committed 39296K, reserved 1089536K
  class space    used 4973K, committed 5184K, reserved 1048576K
}
Event: 2.270 GC heap before
{Heap before GC invocations=14 (full 0):
 garbage-first heap   total 114688K, used 82764K [0x0000000081a00000, 0x0000000100000000)
  region size 1024K, 43 young (44032K), 7 survivors (7168K)
 Metaspace       used 39604K, committed 40000K, reserved 1089536K
  class space    used 5064K, committed 5248K, reserved 1048576K
}
Event: 2.279 GC heap after
{Heap after GC invocations=15 (full 0):
 garbage-first heap   total 114688K, used 58200K [0x0000000081a00000, 0x0000000100000000)
  region size 1024K, 6 young (6144K), 6 survivors (6144K)
 Metaspace       used 39604K, committed 40000K, reserved 1089536K
  class space    used 5064K, committed 5248K, reserved 1048576K
}
Event: 2.286 GC heap before
{Heap before GC invocations=15 (full 0):
 garbage-first heap   total 114688K, used 61272K [0x0000000081a00000, 0x0000000100000000)
  region size 1024K, 11 young (11264K), 6 survivors (6144K)
 Metaspace       used 39605K, committed 40000K, reserved 1089536K
  class space    used 5064K, committed 5248K, reserved 1048576K
}
Event: 2.291 GC heap after
{Heap after GC invocations=16 (full 0):
 garbage-first heap   total 114688K, used 62493K [0x0000000081a00000, 0x0000000100000000)
  region size 1024K, 4 young (4096K), 4 survivors (4096K)
 Metaspace       used 39605K, committed 40000K, reserved 1089536K
  class space    used 5064K, committed 5248K, reserved 1048576K
}
Event: 2.334 GC heap before
{Heap before GC invocations=16 (full 0):
 garbage-first heap   total 114688K, used 80925K [0x0000000081a00000, 0x0000000100000000)
  region size 1024K, 21 young (21504K), 4 survivors (4096K)
 Metaspace       used 40298K, committed 40704K, reserved 1089536K
  class space    used 5183K, committed 5376K, reserved 1048576K
}
Event: 2.341 GC heap after
{Heap after GC invocations=17 (full 0):
 garbage-first heap   total 275456K, used 70966K [0x0000000081a00000, 0x0000000100000000)
  region size 1024K, 3 young (3072K), 3 survivors (3072K)
 Metaspace       used 40298K, committed 40704K, reserved 1089536K
  class space    used 5183K, committed 5376K, reserved 1048576K
}
Event: 2.398 GC heap before
{Heap before GC invocations=18 (full 0):
 garbage-first heap   total 242688K, used 156982K [0x0000000081a00000, 0x0000000100000000)
  region size 1024K, 89 young (91136K), 3 survivors (3072K)
 Metaspace       used 40661K, committed 41088K, reserved 1089536K
  class space    used 5229K, committed 5440K, reserved 1048576K
}
Event: 2.411 GC heap after
{Heap after GC invocations=19 (full 0):
 garbage-first heap   total 242688K, used 76773K [0x0000000081a00000, 0x0000000100000000)
  region size 1024K, 10 young (10240K), 10 survivors (10240K)
 Metaspace       used 40661K, committed 41088K, reserved 1089536K
  class space    used 5229K, committed 5440K, reserved 1048576K
}
Event: 2.413 GC heap before
{Heap before GC invocations=19 (full 0):
 garbage-first heap   total 242688K, used 77797K [0x0000000081a00000, 0x0000000100000000)
  region size 1024K, 12 young (12288K), 10 survivors (10240K)
 Metaspace       used 40670K, committed 41088K, reserved 1089536K
  class space    used 5230K, committed 5440K, reserved 1048576K
}
Event: 2.425 GC heap after
{Heap after GC invocations=20 (full 0):
 garbage-first heap   total 242688K, used 77943K [0x0000000081a00000, 0x0000000100000000)
  region size 1024K, 2 young (2048K), 2 survivors (2048K)
 Metaspace       used 40670K, committed 41088K, reserved 1089536K
  class space    used 5230K, committed 5440K, reserved 1048576K
}
Event: 2.452 GC heap before
{Heap before GC invocations=20 (full 0):
 garbage-first heap   total 242688K, used 161911K [0x0000000081a00000, 0x0000000100000000)
  region size 1024K, 85 young (87040K), 2 survivors (2048K)
 Metaspace       used 40791K, committed 41216K, reserved 1089536K
  class space    used 5252K, committed 5440K, reserved 1048576K
}
Event: 2.454 GC heap after
{Heap after GC invocations=21 (full 0):
 garbage-first heap   total 242688K, used 80305K [0x0000000081a00000, 0x0000000100000000)
  region size 1024K, 4 young (4096K), 4 survivors (4096K)
 Metaspace       used 40791K, committed 41216K, reserved 1089536K
  class space    used 5252K, committed 5440K, reserved 1048576K
}
Event: 2.473 GC heap before
{Heap before GC invocations=21 (full 0):
 garbage-first heap   total 242688K, used 167345K [0x0000000081a00000, 0x0000000100000000)
  region size 1024K, 90 young (92160K), 4 survivors (4096K)
 Metaspace       used 40807K, committed 41280K, reserved 1089536K
  class space    used 5256K, committed 5440K, reserved 1048576K
}
Event: 2.477 GC heap after
{Heap after GC invocations=22 (full 0):
 garbage-first heap   total 242688K, used 84335K [0x0000000081a00000, 0x0000000100000000)
  region size 1024K, 8 young (8192K), 8 survivors (8192K)
 Metaspace       used 40807K, committed 41280K, reserved 1089536K
  class space    used 5256K, committed 5440K, reserved 1048576K
}
Event: 2.497 GC heap before
{Heap before GC invocations=22 (full 0):
 garbage-first heap   total 242688K, used 175471K [0x0000000081a00000, 0x0000000100000000)
  region size 1024K, 98 young (100352K), 8 survivors (8192K)
 Metaspace       used 40906K, committed 41280K, reserved 1089536K
  class space    used 5269K, committed 5440K, reserved 1048576K
}

