# JRE version: OpenJDK Runtime Environment Temurin-17.0.5+8 (17.0.5+8) (build 17.0.5+8)
# Java VM: OpenJDK 64-Bit Server VM Temurin-17.0.5+8 (17.0.5+8, mixed mode, emulated-client, tiered, compressed oops, compressed class ptrs, g1 gc, windows-amd64)
GC Precious Log:
 CPUs: 8 total, 8 available
 Memory: 8081M
 Large Page Support: Disabled
 NUMA Support: Disabled
 Compressed Oops: Enabled (32-bit)
 Heap Region Size: 1M
 Heap Min Capacity: 8M
 Heap Initial Capacity: 128M
 Heap Max Capacity: 2022M
 Pre-touch: Disabled
 Parallel Workers: 8
 Concurrent Workers: 2
 Concurrent Refinement Workers: 8
 Periodic GC: Disabled
Heap:
 garbage-first heap   total 360448K, used 108907K [0x0000000081a00000, 0x0000000100000000)
  region size 1024K, 17 young (17408K), 17 survivors (17408K)
 Metaspace       used 40425K, committed 40832K, reserved 1089536K
  class space    used 5192K, committed 5376K, reserved 1048576K
GC Heap History (20 events):
Event: 2.314 GC heap after
{Heap after GC invocations=12 (full 0):
 garbage-first heap   total 69632K, used 30457K [0x0000000081a00000, 0x0000000100000000)
  region size 1024K, 3 young (3072K), 3 survivors (3072K)
 Metaspace       used 37427K, committed 37824K, reserved 1089536K
  class space    used 4877K, committed 5056K, reserved 1048576K
}
Event: 2.343 GC heap before
{Heap before GC invocations=12 (full 0):
 garbage-first heap   total 69632K, used 50937K [0x0000000081a00000, 0x0000000100000000)
  region size 1024K, 23 young (23552K), 3 survivors (3072K)
 Metaspace       used 37876K, committed 38208K, reserved 1089536K
  class space    used 4921K, committed 5056K, reserved 1048576K
}
Event: 2.347 GC heap after
{Heap after GC invocations=13 (full 0):
 garbage-first heap   total 166912K, used 33910K [0x0000000081a00000, 0x0000000100000000)
  region size 1024K, 3 young (3072K), 3 survivors (3072K)
 Metaspace       used 37876K, committed 38208K, reserved 1089536K
  class space    used 4921K, committed 5056K, reserved 1048576K
}
Event: 2.505 GC heap before
{Heap before GC invocations=13 (full 0):
 garbage-first heap   total 166912K, used 116854K [0x0000000081a00000, 0x0000000100000000)
  region size 1024K, 84 young (86016K), 3 survivors (3072K)
 Metaspace       used 39470K, committed 39872K, reserved 1089536K
  class space    used 5039K, committed 5248K, reserved 1048576K
}
Event: 2.520 GC heap after
{Heap after GC invocations=14 (full 0):
 garbage-first heap   total 166912K, used 53227K [0x0000000081a00000, 0x0000000100000000)
  region size 1024K, 11 young (11264K), 11 survivors (11264K)
 Metaspace       used 39470K, committed 39872K, reserved 1089536K
  class space    used 5039K, committed 5248K, reserved 1048576K
}
Event: 2.591 GC heap before
{Heap before GC invocations=14 (full 0):
 garbage-first heap   total 166912K, used 110571K [0x0000000081a00000, 0x0000000100000000)
  region size 1024K, 66 young (67584K), 11 survivors (11264K)
 Metaspace       used 40042K, committed 40448K, reserved 1089536K
  class space    used 5132K, committed 5312K, reserved 1048576K
}
Event: 2.617 GC heap after
{Heap after GC invocations=15 (full 0):
 garbage-first heap   total 166912K, used 73673K [0x0000000081a00000, 0x0000000100000000)
  region size 1024K, 9 young (9216K), 9 survivors (9216K)
 Metaspace       used 40042K, committed 40448K, reserved 1089536K
  class space    used 5132K, committed 5312K, reserved 1048576K
}
Event: 2.641 GC heap before
{Heap before GC invocations=15 (full 0):
 garbage-first heap   total 166912K, used 117705K [0x0000000081a00000, 0x0000000100000000)
  region size 1024K, 53 young (54272K), 9 survivors (9216K)
 Metaspace       used 40056K, committed 40448K, reserved 1089536K
  class space    used 5133K, committed 5312K, reserved 1048576K
}
Event: 2.646 GC heap after
{Heap after GC invocations=16 (full 0):
 garbage-first heap   total 166912K, used 78191K [0x0000000081a00000, 0x0000000100000000)
  region size 1024K, 3 young (3072K), 3 survivors (3072K)
 Metaspace       used 40056K, committed 40448K, reserved 1089536K
  class space    used 5133K, committed 5312K, reserved 1048576K
}
Event: 2.662 GC heap before
{Heap before GC invocations=16 (full 0):
 garbage-first heap   total 166912K, used 123247K [0x0000000081a00000, 0x0000000100000000)
  region size 1024K, 48 young (49152K), 3 survivors (3072K)
 Metaspace       used 40074K, committed 40512K, reserved 1089536K
  class space    used 5138K, committed 5312K, reserved 1048576K
}
Event: 2.666 GC heap after
{Heap after GC invocations=17 (full 0):
 garbage-first heap   total 360448K, used 79656K [0x0000000081a00000, 0x0000000100000000)
  region size 1024K, 4 young (4096K), 4 survivors (4096K)
 Metaspace       used 40074K, committed 40512K, reserved 1089536K
  class space    used 5138K, committed 5312K, reserved 1048576K
}
Event: 2.790 GC heap before
{Heap before GC invocations=18 (full 0):
 garbage-first heap   total 360448K, used 248616K [0x0000000081a00000, 0x0000000100000000)
  region size 1024K, 171 young (175104K), 4 survivors (4096K)
 Metaspace       used 40299K, committed 40768K, reserved 1089536K
  class space    used 5166K, committed 5376K, reserved 1048576K
}
Event: 2.796 GC heap after
{Heap after GC invocations=19 (full 0):
 garbage-first heap   total 360448K, used 84876K [0x0000000081a00000, 0x0000000100000000)
  region size 1024K, 11 young (11264K), 11 survivors (11264K)
 Metaspace       used 40299K, committed 40768K, reserved 1089536K
  class space    used 5166K, committed 5376K, reserved 1048576K
}
Event: 2.798 GC heap before
{Heap before GC invocations=19 (full 0):
 garbage-first heap   total 360448K, used 91020K [0x0000000081a00000, 0x0000000100000000)
  region size 1024K, 17 young (17408K), 11 survivors (11264K)
 Metaspace       used 40307K, committed 40768K, reserved 1089536K
  class space    used 5168K, committed 5376K, reserved 1048576K
}
Event: 2.802 GC heap after
{Heap after GC invocations=20 (full 0):
 garbage-first heap   total 360448K, used 85185K [0x0000000081a00000, 0x0000000100000000)
  region size 1024K, 2 young (2048K), 2 survivors (2048K)
 Metaspace       used 40307K, committed 40768K, reserved 1089536K
  class space    used 5168K, committed 5376K, reserved 1048576K
}
Event: 2.845 GC heap before
{Heap before GC invocations=20 (full 0):
 garbage-first heap   total 360448K, used 271553K [0x0000000081a00000, 0x0000000100000000)
  region size 1024K, 185 young (189440K), 2 survivors (2048K)
 Metaspace       used 40362K, committed 40768K, reserved 1089536K
  class space    used 5180K, committed 5376K, reserved 1048576K
}
Event: 2.849 GC heap after
{Heap after GC invocations=21 (full 0):
 garbage-first heap   total 360448K, used 91942K [0x0000000081a00000, 0x0000000100000000)
  region size 1024K, 8 young (8192K), 8 survivors (8192K)
 Metaspace       used 40362K, committed 40768K, reserved 1089536K
  class space    used 5180K, committed 5376K, reserved 1048576K
}
Event: 2.889 GC heap before
{Heap before GC invocations=21 (full 0):
 garbage-first heap   total 360448K, used 279334K [0x0000000081a00000, 0x0000000100000000)
  region size 1024K, 192 young (196608K), 8 survivors (8192K)
 Metaspace       used 40372K, committed 40768K, reserved 1089536K
  class space    used 5181K, committed 5376K, reserved 1048576K
}
Event: 2.895 GC heap after
{Heap after GC invocations=22 (full 0):
 garbage-first heap   total 360448K, used 100134K [0x0000000081a00000, 0x0000000100000000)
  region size 1024K, 16 young (16384K), 16 survivors (16384K)
 Metaspace       used 40372K, committed 40768K, reserved 1089536K
  class space    used 5181K, committed 5376K, reserved 1048576K
}
Event: 2.937 GC heap before
{Heap before GC invocations=22 (full 0):
 garbage-first heap   total 360448K, used 285478K [0x0000000081a00000, 0x0000000100000000)
  region size 1024K, 198 young (202752K), 16 survivors (16384K)
 Metaspace       used 40425K, committed 40832K, reserved 1089536K
  class space    used 5192K, committed 5376K, reserved 1048576K
}

