# JRE version: OpenJDK Runtime Environment Temurin-17.0.5+8 (17.0.5+8) (build 17.0.5+8)
# Java VM: OpenJDK 64-Bit Server VM Temurin-17.0.5+8 (17.0.5+8, mixed mode, emulated-client, tiered, compressed oops, compressed class ptrs, g1 gc, windows-amd64)
GC Precious Log:
 CPUs: 8 total, 8 available
 Memory: 8081M
 Large Page Support: Disabled
 NUMA Support: Disabled
 Compressed Oops: Enabled (32-bit)
 Heap Region Size: 1M
 Heap Min Capacity: 8M
 Heap Initial Capacity: 128M
 Heap Max Capacity: 2022M
 Pre-touch: Disabled
 Parallel Workers: 8
 Concurrent Workers: 2
 Concurrent Refinement Workers: 8
 Periodic GC: Disabled
Heap:
 garbage-first heap   total 249856K, used 89571K [0x0000000081a00000, 0x0000000100000000)
  region size 1024K, 11 young (11264K), 11 survivors (11264K)
 Metaspace       used 40514K, committed 40896K, reserved 1089536K
  class space    used 5212K, committed 5376K, reserved 1048576K
GC Heap History (20 events):
Event: 2.233 GC heap after
{Heap after GC invocations=12 (full 0):
 garbage-first heap   total 71680K, used 31129K [0x0000000081a00000, 0x0000000100000000)
  region size 1024K, 4 young (4096K), 4 survivors (4096K)
 Metaspace       used 37406K, committed 37824K, reserved 1089536K
  class space    used 4872K, committed 5056K, reserved 1048576K
}
Event: 2.267 GC heap before
{Heap before GC invocations=12 (full 0):
 garbage-first heap   total 71680K, used 52633K [0x0000000081a00000, 0x0000000100000000)
  region size 1024K, 25 young (25600K), 4 survivors (4096K)
 Metaspace       used 37940K, committed 38272K, reserved 1089536K
  class space    used 4930K, committed 5056K, reserved 1048576K
}
Event: 2.271 GC heap after
{Heap after GC invocations=13 (full 0):
 garbage-first heap   total 98304K, used 35206K [0x0000000081a00000, 0x0000000100000000)
  region size 1024K, 4 young (4096K), 4 survivors (4096K)
 Metaspace       used 37940K, committed 38272K, reserved 1089536K
  class space    used 4930K, committed 5056K, reserved 1048576K
}
Event: 2.321 GC heap before
{Heap before GC invocations=13 (full 0):
 garbage-first heap   total 98304K, used 71046K [0x0000000081a00000, 0x0000000100000000)
  region size 1024K, 39 young (39936K), 4 survivors (4096K)
 Metaspace       used 38710K, committed 39104K, reserved 1089536K
  class space    used 4961K, committed 5120K, reserved 1048576K
}
Event: 2.328 GC heap after
{Heap after GC invocations=14 (full 0):
 garbage-first heap   total 98304K, used 43868K [0x0000000081a00000, 0x0000000100000000)
  region size 1024K, 5 young (5120K), 5 survivors (5120K)
 Metaspace       used 38710K, committed 39104K, reserved 1089536K
  class space    used 4961K, committed 5120K, reserved 1048576K
}
Event: 2.358 GC heap before
{Heap before GC invocations=14 (full 0):
 garbage-first heap   total 98304K, used 70492K [0x0000000081a00000, 0x0000000100000000)
  region size 1024K, 32 young (32768K), 5 survivors (5120K)
 Metaspace       used 38835K, committed 39296K, reserved 1089536K
  class space    used 4974K, committed 5184K, reserved 1048576K
}
Event: 2.364 GC heap after
{Heap after GC invocations=15 (full 0):
 garbage-first heap   total 98304K, used 49306K [0x0000000081a00000, 0x0000000100000000)
  region size 1024K, 4 young (4096K), 4 survivors (4096K)
 Metaspace       used 38835K, committed 39296K, reserved 1089536K
  class space    used 4974K, committed 5184K, reserved 1048576K
}
Event: 2.421 GC heap before
{Heap before GC invocations=15 (full 0):
 garbage-first heap   total 98304K, used 63642K [0x0000000081a00000, 0x0000000100000000)
  region size 1024K, 20 young (20480K), 4 survivors (4096K)
 Metaspace       used 39474K, committed 39872K, reserved 1089536K
  class space    used 5040K, committed 5248K, reserved 1048576K
}
Event: 2.425 GC heap after
{Heap after GC invocations=16 (full 0):
 garbage-first heap   total 98304K, used 53885K [0x0000000081a00000, 0x0000000100000000)
  region size 1024K, 4 young (4096K), 4 survivors (4096K)
 Metaspace       used 39474K, committed 39872K, reserved 1089536K
  class space    used 5040K, committed 5248K, reserved 1048576K
}
Event: 2.462 GC heap before
{Heap before GC invocations=16 (full 0):
 garbage-first heap   total 124928K, used 74365K [0x0000000081a00000, 0x0000000100000000)
  region size 1024K, 23 young (23552K), 4 survivors (4096K)
 Metaspace       used 39684K, committed 40128K, reserved 1089536K
  class space    used 5081K, committed 5312K, reserved 1048576K
}
Event: 2.470 GC heap after
{Heap after GC invocations=17 (full 0):
 garbage-first heap   total 249856K, used 66299K [0x0000000081a00000, 0x0000000100000000)
  region size 1024K, 3 young (3072K), 3 survivors (3072K)
 Metaspace       used 39684K, committed 40128K, reserved 1089536K
  class space    used 5081K, committed 5312K, reserved 1048576K
}
Event: 2.543 GC heap before
{Heap before GC invocations=18 (full 0):
 garbage-first heap   total 249856K, used 153339K [0x0000000081a00000, 0x0000000100000000)
  region size 1024K, 88 young (90112K), 3 survivors (3072K)
 Metaspace       used 40306K, committed 40704K, reserved 1089536K
  class space    used 5174K, committed 5376K, reserved 1048576K
}
Event: 2.559 GC heap after
{Heap after GC invocations=19 (full 0):
 garbage-first heap   total 249856K, used 77945K [0x0000000081a00000, 0x0000000100000000)
  region size 1024K, 11 young (11264K), 11 survivors (11264K)
 Metaspace       used 40306K, committed 40704K, reserved 1089536K
  class space    used 5174K, committed 5376K, reserved 1048576K
}
Event: 2.561 GC heap before
{Heap before GC invocations=19 (full 0):
 garbage-first heap   total 249856K, used 77945K [0x0000000081a00000, 0x0000000100000000)
  region size 1024K, 12 young (12288K), 11 survivors (11264K)
 Metaspace       used 40307K, committed 40704K, reserved 1089536K
  class space    used 5175K, committed 5376K, reserved 1048576K
}
Event: 2.568 GC heap after
{Heap after GC invocations=20 (full 0):
 garbage-first heap   total 249856K, used 79503K [0x0000000081a00000, 0x0000000100000000)
  region size 1024K, 2 young (2048K), 2 survivors (2048K)
 Metaspace       used 40307K, committed 40704K, reserved 1089536K
  class space    used 5175K, committed 5376K, reserved 1048576K
}
Event: 2.608 GC heap before
{Heap before GC invocations=20 (full 0):
 garbage-first heap   total 249856K, used 164495K [0x0000000081a00000, 0x0000000100000000)
  region size 1024K, 86 young (88064K), 2 survivors (2048K)
 Metaspace       used 40359K, committed 40768K, reserved 1089536K
  class space    used 5190K, committed 5376K, reserved 1048576K
}
Event: 2.610 GC heap after
{Heap after GC invocations=21 (full 0):
 garbage-first heap   total 249856K, used 82037K [0x0000000081a00000, 0x0000000100000000)
  region size 1024K, 4 young (4096K), 4 survivors (4096K)
 Metaspace       used 40359K, committed 40768K, reserved 1089536K
  class space    used 5190K, committed 5376K, reserved 1048576K
}
Event: 2.636 GC heap before
{Heap before GC invocations=21 (full 0):
 garbage-first heap   total 249856K, used 169077K [0x0000000081a00000, 0x0000000100000000)
  region size 1024K, 90 young (92160K), 4 survivors (4096K)
 Metaspace       used 40504K, committed 40896K, reserved 1089536K
  class space    used 5209K, committed 5376K, reserved 1048576K
}
Event: 2.639 GC heap after
{Heap after GC invocations=22 (full 0):
 garbage-first heap   total 249856K, used 85630K [0x0000000081a00000, 0x0000000100000000)
  region size 1024K, 8 young (8192K), 8 survivors (8192K)
 Metaspace       used 40504K, committed 40896K, reserved 1089536K
  class space    used 5209K, committed 5376K, reserved 1048576K
}
Event: 2.659 GC heap before
{Heap before GC invocations=22 (full 0):
 garbage-first heap   total 249856K, used 183934K [0x0000000081a00000, 0x0000000100000000)
  region size 1024K, 105 young (107520K), 8 survivors (8192K)
 Metaspace       used 40514K, committed 40896K, reserved 1089536K
  class space    used 5212K, committed 5376K, reserved 1048576K
}

