# JRE version: OpenJDK Runtime Environment Temurin-17.0.5+8 (17.0.5+8) (build 17.0.5+8)
# Java VM: OpenJDK 64-Bit Server VM Temurin-17.0.5+8 (17.0.5+8, mixed mode, emulated-client, tiered, compressed oops, compressed class ptrs, g1 gc, windows-amd64)
GC Precious Log:
 CPUs: 8 total, 8 available
 Memory: 8081M
 Large Page Support: Disabled
 NUMA Support: Disabled
 Compressed Oops: Enabled (32-bit)
 Heap Region Size: 1M
 Heap Min Capacity: 8M
 Heap Initial Capacity: 128M
 Heap Max Capacity: 2022M
 Pre-touch: Disabled
 Parallel Workers: 8
 Concurrent Workers: 2
 Concurrent Refinement Workers: 8
 Periodic GC: Disabled
Heap:
 garbage-first heap   total 168960K, used 82573K [0x0000000081a00000, 0x0000000100000000)
  region size 1024K, 4 young (4096K), 4 survivors (4096K)
 Metaspace       used 40437K, committed 40832K, reserved 1089536K
  class space    used 5208K, committed 5376K, reserved 1048576K
GC Heap History (20 events):
Event: 2.056 GC heap after
{Heap after GC invocations=12 (full 0):
 garbage-first heap   total 58368K, used 27992K [0x0000000081a00000, 0x0000000100000000)
  region size 1024K, 3 young (3072K), 3 survivors (3072K)
 Metaspace       used 36734K, committed 37120K, reserved 1089536K
  class space    used 4817K, committed 4992K, reserved 1048576K
}
Event: 2.097 GC heap before
{Heap before GC invocations=12 (full 0):
 garbage-first heap   total 58368K, used 43352K [0x0000000081a00000, 0x0000000100000000)
  region size 1024K, 18 young (18432K), 3 survivors (3072K)
 Metaspace       used 37157K, committed 37504K, reserved 1089536K
  class space    used 4855K, committed 4992K, reserved 1048576K
}
Event: 2.101 GC heap after
{Heap after GC invocations=13 (full 0):
 garbage-first heap   total 83968K, used 31249K [0x0000000081a00000, 0x0000000100000000)
  region size 1024K, 3 young (3072K), 3 survivors (3072K)
 Metaspace       used 37157K, committed 37504K, reserved 1089536K
  class space    used 4855K, committed 4992K, reserved 1048576K
}
Event: 2.158 GC heap before
{Heap before GC invocations=13 (full 0):
 garbage-first heap   total 83968K, used 59921K [0x0000000081a00000, 0x0000000100000000)
  region size 1024K, 32 young (32768K), 3 survivors (3072K)
 Metaspace       used 37993K, committed 38336K, reserved 1089536K
  class space    used 4930K, committed 5056K, reserved 1048576K
}
Event: 2.162 GC heap after
{Heap after GC invocations=14 (full 0):
 garbage-first heap   total 83968K, used 35634K [0x0000000081a00000, 0x0000000100000000)
  region size 1024K, 4 young (4096K), 4 survivors (4096K)
 Metaspace       used 37993K, committed 38336K, reserved 1089536K
  class space    used 4930K, committed 5056K, reserved 1048576K
}
Event: 2.196 GC heap before
{Heap before GC invocations=14 (full 0):
 garbage-first heap   total 83968K, used 62258K [0x0000000081a00000, 0x0000000100000000)
  region size 1024K, 30 young (30720K), 4 survivors (4096K)
 Metaspace       used 38577K, committed 38976K, reserved 1089536K
  class space    used 4954K, committed 5120K, reserved 1048576K
}
Event: 2.202 GC heap after
{Heap after GC invocations=15 (full 0):
 garbage-first heap   total 83968K, used 43027K [0x0000000081a00000, 0x0000000100000000)
  region size 1024K, 4 young (4096K), 4 survivors (4096K)
 Metaspace       used 38577K, committed 38976K, reserved 1089536K
  class space    used 4954K, committed 5120K, reserved 1048576K
}
Event: 2.224 GC heap before
{Heap before GC invocations=15 (full 0):
 garbage-first heap   total 83968K, used 62483K [0x0000000081a00000, 0x0000000100000000)
  region size 1024K, 23 young (23552K), 4 survivors (4096K)
 Metaspace       used 38822K, committed 39232K, reserved 1089536K
  class space    used 4970K, committed 5120K, reserved 1048576K
}
Event: 2.229 GC heap after
{Heap after GC invocations=16 (full 0):
 garbage-first heap   total 83968K, used 48499K [0x0000000081a00000, 0x0000000100000000)
  region size 1024K, 3 young (3072K), 3 survivors (3072K)
 Metaspace       used 38822K, committed 39232K, reserved 1089536K
  class space    used 4970K, committed 5120K, reserved 1048576K
}
Event: 2.255 GC heap before
{Heap before GC invocations=16 (full 0):
 garbage-first heap   total 83968K, used 62835K [0x0000000081a00000, 0x0000000100000000)
  region size 1024K, 18 young (18432K), 3 survivors (3072K)
 Metaspace       used 38936K, committed 39360K, reserved 1089536K
  class space    used 4980K, committed 5184K, reserved 1048576K
}
Event: 2.259 GC heap after
{Heap after GC invocations=17 (full 0):
 garbage-first heap   total 168960K, used 51616K [0x0000000081a00000, 0x0000000100000000)
  region size 1024K, 3 young (3072K), 3 survivors (3072K)
 Metaspace       used 38936K, committed 39360K, reserved 1089536K
  class space    used 4980K, committed 5184K, reserved 1048576K
}
Event: 2.390 GC heap before
{Heap before GC invocations=18 (full 0):
 garbage-first heap   total 168960K, used 112032K [0x0000000081a00000, 0x0000000100000000)
  region size 1024K, 60 young (61440K), 3 survivors (3072K)
 Metaspace       used 40350K, committed 40768K, reserved 1089536K
  class space    used 5187K, committed 5376K, reserved 1048576K
}
Event: 2.414 GC heap after
{Heap after GC invocations=19 (full 0):
 garbage-first heap   total 168960K, used 75513K [0x0000000081a00000, 0x0000000100000000)
  region size 1024K, 8 young (8192K), 8 survivors (8192K)
 Metaspace       used 40350K, committed 40768K, reserved 1089536K
  class space    used 5187K, committed 5376K, reserved 1048576K
}
Event: 2.416 GC heap before
{Heap before GC invocations=19 (full 0):
 garbage-first heap   total 168960K, used 75513K [0x0000000081a00000, 0x0000000100000000)
  region size 1024K, 9 young (9216K), 8 survivors (8192K)
 Metaspace       used 40355K, committed 40768K, reserved 1089536K
  class space    used 5188K, committed 5376K, reserved 1048576K
}
Event: 2.420 GC heap after
{Heap after GC invocations=20 (full 0):
 garbage-first heap   total 168960K, used 77994K [0x0000000081a00000, 0x0000000100000000)
  region size 1024K, 1 young (1024K), 1 survivors (1024K)
 Metaspace       used 40355K, committed 40768K, reserved 1089536K
  class space    used 5188K, committed 5376K, reserved 1048576K
}
Event: 2.433 GC heap before
{Heap before GC invocations=20 (full 0):
 garbage-first heap   total 168960K, used 112810K [0x0000000081a00000, 0x0000000100000000)
  region size 1024K, 36 young (36864K), 1 survivors (1024K)
 Metaspace       used 40379K, committed 40768K, reserved 1089536K
  class space    used 5192K, committed 5376K, reserved 1048576K
}
Event: 2.435 GC heap after
{Heap after GC invocations=21 (full 0):
 garbage-first heap   total 168960K, used 79193K [0x0000000081a00000, 0x0000000100000000)
  region size 1024K, 2 young (2048K), 2 survivors (2048K)
 Metaspace       used 40379K, committed 40768K, reserved 1089536K
  class space    used 5192K, committed 5376K, reserved 1048576K
}
Event: 2.456 GC heap before
{Heap before GC invocations=21 (full 0):
 garbage-first heap   total 168960K, used 117081K [0x0000000081a00000, 0x0000000100000000)
  region size 1024K, 40 young (40960K), 2 survivors (2048K)
 Metaspace       used 40379K, committed 40768K, reserved 1089536K
  class space    used 5192K, committed 5376K, reserved 1048576K
}
Event: 2.458 GC heap after
{Heap after GC invocations=22 (full 0):
 garbage-first heap   total 168960K, used 80613K [0x0000000081a00000, 0x0000000100000000)
  region size 1024K, 4 young (4096K), 4 survivors (4096K)
 Metaspace       used 40379K, committed 40768K, reserved 1089536K
  class space    used 5192K, committed 5376K, reserved 1048576K
}
Event: 2.473 GC heap before
{Heap before GC invocations=22 (full 0):
 garbage-first heap   total 168960K, used 120549K [0x0000000081a00000, 0x0000000100000000)
  region size 1024K, 44 young (45056K), 4 survivors (4096K)
 Metaspace       used 40437K, committed 40832K, reserved 1089536K
  class space    used 5208K, committed 5376K, reserved 1048576K
}

