# JRE version: OpenJDK Runtime Environment Temurin-17.0.5+8 (17.0.5+8) (build 17.0.5+8)
# Java VM: OpenJDK 64-Bit Server VM Temurin-17.0.5+8 (17.0.5+8, mixed mode, emulated-client, tiered, compressed oops, compressed class ptrs, g1 gc, windows-amd64)
GC Precious Log:
 CPUs: 8 total, 8 available
 Memory: 8081M
 Large Page Support: Disabled
 NUMA Support: Disabled
 Compressed Oops: Enabled (32-bit)
 Heap Region Size: 1M
 Heap Min Capacity: 8M
 Heap Initial Capacity: 128M
 Heap Max Capacity: 2022M
 Pre-touch: Disabled
 Parallel Workers: 8
 Concurrent Workers: 2
 Concurrent Refinement Workers: 8
 Periodic GC: Disabled
Heap:
 garbage-first heap   total 126976K, used 37592K [0x0000000081a00000, 0x0000000100000000)
  region size 1024K, 1 young (1024K), 0 survivors (0K)
 Metaspace       used 66763K, committed 67520K, reserved 1114112K
  class space    used 9026K, committed 9344K, reserved 1048576K
GC Heap History (20 events):
Event: 4133.120 GC heap before
{Heap before GC invocations=426 (full 389):
 garbage-first heap   total 126976K, used 37592K [0x0000000081a00000, 0x0000000100000000)
  region size 1024K, 1 young (1024K), 0 survivors (0K)
 Metaspace       used 66763K, committed 67520K, reserved 1114112K
  class space    used 9026K, committed 9344K, reserved 1048576K
}
Event: 4133.153 GC heap after
{Heap after GC invocations=427 (full 390):
 garbage-first heap   total 126976K, used 37592K [0x0000000081a00000, 0x0000000100000000)
  region size 1024K, 0 young (0K), 0 survivors (0K)
 Metaspace       used 66763K, committed 67520K, reserved 1114112K
  class space    used 9026K, committed 9344K, reserved 1048576K
}
Event: 4143.294 GC heap before
{Heap before GC invocations=427 (full 390):
 garbage-first heap   total 126976K, used 37592K [0x0000000081a00000, 0x0000000100000000)
  region size 1024K, 1 young (1024K), 0 survivors (0K)
 Metaspace       used 66763K, committed 67520K, reserved 1114112K
  class space    used 9026K, committed 9344K, reserved 1048576K
}
Event: 4143.331 GC heap after
{Heap after GC invocations=428 (full 391):
 garbage-first heap   total 126976K, used 37592K [0x0000000081a00000, 0x0000000100000000)
  region size 1024K, 0 young (0K), 0 survivors (0K)
 Metaspace       used 66763K, committed 67520K, reserved 1114112K
  class space    used 9026K, committed 9344K, reserved 1048576K
}
Event: 4153.458 GC heap before
{Heap before GC invocations=428 (full 391):
 garbage-first heap   total 126976K, used 37592K [0x0000000081a00000, 0x0000000100000000)
  region size 1024K, 1 young (1024K), 0 survivors (0K)
 Metaspace       used 66763K, committed 67520K, reserved 1114112K
  class space    used 9026K, committed 9344K, reserved 1048576K
}
Event: 4153.491 GC heap after
{Heap after GC invocations=429 (full 392):
 garbage-first heap   total 126976K, used 37592K [0x0000000081a00000, 0x0000000100000000)
  region size 1024K, 0 young (0K), 0 survivors (0K)
 Metaspace       used 66763K, committed 67520K, reserved 1114112K
  class space    used 9026K, committed 9344K, reserved 1048576K
}
Event: 4163.633 GC heap before
{Heap before GC invocations=429 (full 392):
 garbage-first heap   total 126976K, used 37592K [0x0000000081a00000, 0x0000000100000000)
  region size 1024K, 1 young (1024K), 0 survivors (0K)
 Metaspace       used 66763K, committed 67520K, reserved 1114112K
  class space    used 9026K, committed 9344K, reserved 1048576K
}
Event: 4163.671 GC heap after
{Heap after GC invocations=430 (full 393):
 garbage-first heap   total 126976K, used 37592K [0x0000000081a00000, 0x0000000100000000)
  region size 1024K, 0 young (0K), 0 survivors (0K)
 Metaspace       used 66763K, committed 67520K, reserved 1114112K
  class space    used 9026K, committed 9344K, reserved 1048576K
}
Event: 4173.804 GC heap before
{Heap before GC invocations=430 (full 393):
 garbage-first heap   total 126976K, used 37592K [0x0000000081a00000, 0x0000000100000000)
  region size 1024K, 1 young (1024K), 0 survivors (0K)
 Metaspace       used 66763K, committed 67520K, reserved 1114112K
  class space    used 9026K, committed 9344K, reserved 1048576K
}
Event: 4173.846 GC heap after
{Heap after GC invocations=431 (full 394):
 garbage-first heap   total 126976K, used 37592K [0x0000000081a00000, 0x0000000100000000)
  region size 1024K, 0 young (0K), 0 survivors (0K)
 Metaspace       used 66763K, committed 67520K, reserved 1114112K
  class space    used 9026K, committed 9344K, reserved 1048576K
}
Event: 4183.978 GC heap before
{Heap before GC invocations=431 (full 394):
 garbage-first heap   total 126976K, used 37592K [0x0000000081a00000, 0x0000000100000000)
  region size 1024K, 1 young (1024K), 0 survivors (0K)
 Metaspace       used 66763K, committed 67520K, reserved 1114112K
  class space    used 9026K, committed 9344K, reserved 1048576K
}
Event: 4184.010 GC heap after
{Heap after GC invocations=432 (full 395):
 garbage-first heap   total 126976K, used 37592K [0x0000000081a00000, 0x0000000100000000)
  region size 1024K, 0 young (0K), 0 survivors (0K)
 Metaspace       used 66763K, committed 67520K, reserved 1114112K
  class space    used 9026K, committed 9344K, reserved 1048576K
}
Event: 4194.138 GC heap before
{Heap before GC invocations=432 (full 395):
 garbage-first heap   total 126976K, used 37592K [0x0000000081a00000, 0x0000000100000000)
  region size 1024K, 1 young (1024K), 0 survivors (0K)
 Metaspace       used 66763K, committed 67520K, reserved 1114112K
  class space    used 9026K, committed 9344K, reserved 1048576K
}
Event: 4194.172 GC heap after
{Heap after GC invocations=433 (full 396):
 garbage-first heap   total 126976K, used 37592K [0x0000000081a00000, 0x0000000100000000)
  region size 1024K, 0 young (0K), 0 survivors (0K)
 Metaspace       used 66763K, committed 67520K, reserved 1114112K
  class space    used 9026K, committed 9344K, reserved 1048576K
}
Event: 4204.299 GC heap before
{Heap before GC invocations=433 (full 396):
 garbage-first heap   total 126976K, used 37592K [0x0000000081a00000, 0x0000000100000000)
  region size 1024K, 1 young (1024K), 0 survivors (0K)
 Metaspace       used 66763K, committed 67520K, reserved 1114112K
  class space    used 9026K, committed 9344K, reserved 1048576K
}
Event: 4204.334 GC heap after
{Heap after GC invocations=434 (full 397):
 garbage-first heap   total 126976K, used 37592K [0x0000000081a00000, 0x0000000100000000)
  region size 1024K, 0 young (0K), 0 survivors (0K)
 Metaspace       used 66763K, committed 67520K, reserved 1114112K
  class space    used 9026K, committed 9344K, reserved 1048576K
}
Event: 4214.462 GC heap before
{Heap before GC invocations=434 (full 397):
 garbage-first heap   total 126976K, used 37592K [0x0000000081a00000, 0x0000000100000000)
  region size 1024K, 1 young (1024K), 0 survivors (0K)
 Metaspace       used 66763K, committed 67520K, reserved 1114112K
  class space    used 9026K, committed 9344K, reserved 1048576K
}
Event: 4214.497 GC heap after
{Heap after GC invocations=435 (full 398):
 garbage-first heap   total 126976K, used 37592K [0x0000000081a00000, 0x0000000100000000)
  region size 1024K, 0 young (0K), 0 survivors (0K)
 Metaspace       used 66763K, committed 67520K, reserved 1114112K
  class space    used 9026K, committed 9344K, reserved 1048576K
}
Event: 4224.630 GC heap before
{Heap before GC invocations=435 (full 398):
 garbage-first heap   total 126976K, used 37592K [0x0000000081a00000, 0x0000000100000000)
  region size 1024K, 1 young (1024K), 0 survivors (0K)
 Metaspace       used 66763K, committed 67520K, reserved 1114112K
  class space    used 9026K, committed 9344K, reserved 1048576K
}
Event: 4224.663 GC heap after
{Heap after GC invocations=436 (full 399):
 garbage-first heap   total 126976K, used 37592K [0x0000000081a00000, 0x0000000100000000)
  region size 1024K, 0 young (0K), 0 survivors (0K)
 Metaspace       used 66763K, committed 67520K, reserved 1114112K
  class space    used 9026K, committed 9344K, reserved 1048576K
}

